<?xml version="1.0" encoding="UTF-8"?>
<!-- Generated by org.testng.reporters.JUnitXMLReporter -->
<testsuite ignored="0" hostname="LAPTOP-9QCBMQT2" failures="0" tests="6" name="Command line test" time="16.885" errors="0" timestamp="2023-05-08T00:01:46 AMT">
  <testcase classname="ATApiTest.AppTest" name="emptyParams" time="8.572"/>
  <testcase classname="ATApiTest.AppTest" name="invalidParams" time="0.473"/>
  <testcase classname="ATApiTest.AppTest" name="invalidUUID" time="0.708"/>
  <testcase classname="ATApiTest.AppTest" name="notAllowedMethod" time="0.235"/>
  <testcase classname="ATApiTest.AppTest" name="specificCountry" time="0.487"/>
  <testcase classname="ATApiTest.AppTest" name="validUUIDAndParams" time="6.077"/>
</testsuite> <!-- Command line test -->
