<?xml version="1.0" encoding="UTF-8" ?>
<testsuite tests="6" failures="0" name="ATApiTest.AppTest" time="16.553" errors="0" skipped="0">
  <properties>
[...]
</properties>
  <testcase classname="ATApiTest.AppTest" name="emptyParams" time="8.573"/>
  <testcase classname="ATApiTest.AppTest" name="invalidParams" time="0.472"/>
  <testcase classname="ATApiTest.AppTest" name="invalidUUID" time="0.708"/>
  <testcase classname="ATApiTest.AppTest" name="notAllowedMethod" time="0.236"/>
  <testcase classname="ATApiTest.AppTest" name="specificCountry" time="0.486"/>
  <testcase classname="ATApiTest.AppTest" name="validUUIDAndParams" time="6.078"/>
</testsuite>