<?xml version="1.0" encoding="UTF-8"?>
<testng-results ignored="0" total="6" passed="6" failed="0" skipped="0">
  <reporter-output>
  </reporter-output>
  <suite started-at="2023-05-08T00:01:29 AMT" name="ATApiTest.AppTest" finished-at="2023-05-08T00:01:46 AMT" duration-ms="16885">
    <groups>
    </groups>
    <test started-at="2023-05-08T00:01:29 AMT" name="Command line test" finished-at="2023-05-08T00:01:46 AMT" duration-ms="16885">
      <class name="ATApiTest.AppTest">
        <test-method is-config="true" signature="setup()[pri:0, instance:ATApiTest.AppTest@49c386c8]" started-at="2023-05-08T00:01:29 AMT" name="setup" finished-at="2023-05-08T00:01:30 AMT" duration-ms="150" status="PASS">
          <reporter-output>
          </reporter-output>
        </test-method> <!-- setup -->
        <test-method signature="emptyParams()[pri:0, instance:ATApiTest.AppTest@49c386c8]" started-at="2023-05-08T00:01:30 AMT" name="emptyParams" finished-at="2023-05-08T00:01:38 AMT" duration-ms="8572" status="PASS">
          <reporter-output>
          </reporter-output>
        </test-method> <!-- emptyParams -->
        <test-method signature="invalidParams()[pri:0, instance:ATApiTest.AppTest@49c386c8]" started-at="2023-05-08T00:01:38 AMT" name="invalidParams" finished-at="2023-05-08T00:01:39 AMT" duration-ms="473" status="PASS">
          <reporter-output>
          </reporter-output>
        </test-method> <!-- invalidParams -->
        <test-method signature="invalidUUID()[pri:0, instance:ATApiTest.AppTest@49c386c8]" started-at="2023-05-08T00:01:39 AMT" name="invalidUUID" finished-at="2023-05-08T00:01:39 AMT" duration-ms="708" status="PASS">
          <reporter-output>
          </reporter-output>
        </test-method> <!-- invalidUUID -->
        <test-method signature="notAllowedMethod()[pri:0, instance:ATApiTest.AppTest@49c386c8]" started-at="2023-05-08T00:01:39 AMT" name="notAllowedMethod" finished-at="2023-05-08T00:01:40 AMT" duration-ms="235" status="PASS">
          <reporter-output>
          </reporter-output>
        </test-method> <!-- notAllowedMethod -->
        <test-method signature="specificCountry()[pri:0, instance:ATApiTest.AppTest@49c386c8]" started-at="2023-05-08T00:01:40 AMT" name="specificCountry" finished-at="2023-05-08T00:01:40 AMT" duration-ms="487" status="PASS">
          <reporter-output>
          </reporter-output>
        </test-method> <!-- specificCountry -->
        <test-method signature="validUUIDAndParams()[pri:0, instance:ATApiTest.AppTest@49c386c8]" started-at="2023-05-08T00:01:40 AMT" name="validUUIDAndParams" finished-at="2023-05-08T00:01:46 AMT" duration-ms="6077" status="PASS">
          <reporter-output>
          </reporter-output>
        </test-method> <!-- validUUIDAndParams -->
        <test-method is-config="true" signature="tearDown()[pri:0, instance:ATApiTest.AppTest@49c386c8]" started-at="2023-05-08T00:01:46 AMT" name="tearDown" finished-at="2023-05-08T00:01:46 AMT" duration-ms="159" status="PASS">
          <reporter-output>
          </reporter-output>
        </test-method> <!-- tearDown -->
      </class> <!-- ATApiTest.AppTest -->
    </test> <!-- Command line test -->
  </suite> <!-- ATApiTest.AppTest -->
</testng-results>
